<?xml version="1.0" encoding="UTF-8"?>
<testng-results skipped="0" failed="0" ignored="0" total="1" passed="1">
  <reporter-output>
  </reporter-output>
  <suite name="testing.MavenTest" duration-ms="36342" started-at="2019-03-28T04:25:08Z" finished-at="2019-03-28T04:25:45Z">
    <groups>
    </groups>
    <test name="Command line test" duration-ms="36342" started-at="2019-03-28T04:25:08Z" finished-at="2019-03-28T04:25:45Z">
      <class name="testing.MavenTest">
        <test-method status="PASS" signature="beforeTest()[pri:0, instance:testing.MavenTest@7f690630]" name="beforeTest" is-config="true" duration-ms="32541" started-at="2019-03-28T04:25:08Z" finished-at="2019-03-28T04:25:41Z">
          <reporter-output>
          </reporter-output>
        </test-method> <!-- beforeTest -->
        <test-method status="PASS" signature="testEasy()[pri:0, instance:testing.MavenTest@7f690630]" name="testEasy" duration-ms="3697" started-at="2019-03-28T04:25:41Z" finished-at="2019-03-28T04:25:45Z">
          <reporter-output>
          </reporter-output>
        </test-method> <!-- testEasy -->
      </class> <!-- testing.MavenTest -->
    </test> <!-- Command line test -->
  </suite> <!-- testing.MavenTest -->
</testng-results>
