<?xml version="1.0" encoding="UTF-8"?>
<testng-results skipped="0" failed="0" total="1" passed="1">
  <reporter-output>
  </reporter-output>
  <suite name="sample.NewTest" duration-ms="34222" started-at="2019-03-27T13:13:22Z" finished-at="2019-03-27T13:13:56Z">
    <groups>
    </groups>
    <test name="Command line test" duration-ms="34222" started-at="2019-03-27T13:13:22Z" finished-at="2019-03-27T13:13:56Z">
      <class name="sample.NewTest">
        <test-method status="PASS" signature="f()[pri:0, instance:sample.NewTest@7a5d012c]" name="f" duration-ms="34208" started-at="2019-03-27T18:43:22Z" finished-at="2019-03-27T18:43:56Z">
          <reporter-output>
          </reporter-output>
        </test-method> <!-- f -->
      </class> <!-- sample.NewTest -->
    </test> <!-- Command line test -->
  </suite> <!-- sample.NewTest -->
</testng-results>
