<?xml version="1.0" encoding="UTF-8"?>
<testng-results skipped="0" failed="0" total="1" passed="1">
  <reporter-output>
  </reporter-output>
  <suite name="Default suite" duration-ms="53059" started-at="2019-03-27T13:11:07Z" finished-at="2019-03-27T13:12:00Z">
    <groups>
    </groups>
    <test name="Default test" duration-ms="53059" started-at="2019-03-27T13:11:07Z" finished-at="2019-03-27T13:12:00Z">
      <class name="sample.NewTest">
        <test-method status="PASS" signature="f()[pri:0, instance:sample.NewTest@5c7fa833]" name="f" duration-ms="53006" started-at="2019-03-27T18:41:07Z" finished-at="2019-03-27T18:42:00Z">
          <reporter-output>
          </reporter-output>
        </test-method> <!-- f -->
      </class> <!-- sample.NewTest -->
    </test> <!-- Default test -->
  </suite> <!-- Default suite -->
</testng-results>
