<?xml version="1.0" encoding="UTF-8"?>
<testng-results skipped="0" failed="0" ignored="0" total="1" passed="1">
  <reporter-output>
  </reporter-output>
  <suite name="Suite" duration-ms="10233" started-at="2019-03-22T05:08:12Z" finished-at="2019-03-22T05:08:22Z">
    <groups>
    </groups>
    <test name="Test" duration-ms="10233" started-at="2019-03-22T05:08:12Z" finished-at="2019-03-22T05:08:22Z">
      <class name="testing.MavenTest">
        <test-method status="PASS" signature="beforeTest()[pri:0, instance:testing.MavenTest@61832929]" name="beforeTest" is-config="true" duration-ms="2370" started-at="2019-03-22T05:08:12Z" finished-at="2019-03-22T05:08:14Z">
          <reporter-output>
          </reporter-output>
        </test-method> <!-- beforeTest -->
        <test-method status="PASS" signature="testEasy()[pri:0, instance:testing.MavenTest@61832929]" name="testEasy" duration-ms="7794" started-at="2019-03-22T05:08:14Z" finished-at="2019-03-22T05:08:22Z">
          <reporter-output>
          </reporter-output>
        </test-method> <!-- testEasy -->
      </class> <!-- testing.MavenTest -->
    </test> <!-- Test -->
  </suite> <!-- Suite -->
</testng-results>
